<?xml version="1.0" encoding="UTF-8"?>
<testsuite xmlns:xsi="http://www.w3.org/2001/XMLSchema-instance" xsi:noNamespaceSchemaLocation="https://maven.apache.org/surefire/maven-surefire-plugin/xsd/surefire-test-report.xsd" version="3.0.2" name="com.example.people.PeopleApplicationTests" time="1.353" tests="1" errors="0" skipped="0" failures="0" flakes="0">
  <properties>
[...]
</properties>
  <testcase name="contextLoads" classname="com.example.people.PeopleApplicationTests" time="0.4">
    <system-out><![CDATA[23:01:01.147 [main] INFO org.springframework.test.context.support.AnnotationConfigContextLoaderUtils -- Could not detect default configuration classes for test class [com.example.people.PeopleApplicationTests]: PeopleApplicationTests does not declare any static, non-private, non-final, nested classes annotated with @Configuration.
23:01:01.198 [main] INFO org.springframework.boot.test.context.SpringBootTestContextBootstrapper -- Found @SpringBootConfiguration com.example.people.PeopleApplication for test class com.example.people.PeopleApplicationTests

  .   ____          _            __ _ _
 /\\ / ___'_ __ _ _(_)_ __  __ _ \ \ \ \
( ( )\___ | '_ | '_| | '_ \/ _` | \ \ \ \
 \\/  ___)| |_)| | | | | || (_| |  ) ) ) )
  '  |____| .__|_| |_|_| |_\__, | / / / /
 =========|_|==============|___/=/_/_/_/

 :: Spring Boot ::               (v3.5.14)

2026-06-03T23:01:01.425+02:00  INFO 68644 --- [people] [           main] c.example.people.PeopleApplicationTests  : Starting PeopleApplicationTests using Java 26.0.1 with PID 68644 (started by rachanaraobharadwaj in /Users/rachanaraobharadwaj/Documents/java-project/about-people)
2026-06-03T23:01:01.426+02:00  INFO 68644 --- [people] [           main] c.example.people.PeopleApplicationTests  : No active profile set, falling back to 1 default profile: "default"
2026-06-03T23:01:02.010+02:00  INFO 68644 --- [people] [           main] c.example.people.PeopleApplicationTests  : Started PeopleApplicationTests in 0.746 seconds (process running for 1.236)
]]></system-out>
    <system-err><![CDATA[Mockito is currently self-attaching to enable the inline-mock-maker. This will no longer work in future releases of the JDK. Please add Mockito as an agent to your build as described in Mockito's documentation: https://javadoc.io/doc/org.mockito/mockito-core/latest/org.mockito/org/mockito/Mockito.html#0.3
WARNING: A Java agent has been loaded dynamically (/Users/rachanaraobharadwaj/.m2/repository/net/bytebuddy/byte-buddy-agent/1.17.8/byte-buddy-agent-1.17.8.jar)
WARNING: If a serviceability tool is in use, please run with -XX:+EnableDynamicAgentLoading to hide this warning
WARNING: If a serviceability tool is not in use, please run with -Djdk.instrument.traceUsage for more information
WARNING: Dynamic loading of agents will be disallowed by default in a future release
]]></system-err>
  </testcase>
</testsuite>